{"numFailedTestSuites":1,"numFailedTests":1,"numPassedTestSuites":8,"numPassedTests":88,"numPendingTestSuites":0,"numPendingTests":1,"numRuntimeErrorTestSuites":0,"numTodoTests":0,"numTotalTestSuites":9,"numTotalTests":90,"openHandles":[],"snapshot":{"added":0,"didUpdate":false,"failure":false,"filesAdded":0,"filesRemoved":0,"filesRemovedList":[],"filesUnmatched":0,"filesUpdated":0,"matched":20,"total":20,"unchecked":0,"uncheckedKeysByFile":[],"unmatched":0,"updated":0},"startTime":1758375594187,"success":false,"testResults":[{"assertionResults":[{"ancestorTitles":["Business Flows E2E","Complete Admin Flow: Login → Product Management (Using Seeded Data)"],"duration":808,"failing":false,"failureDetails":[],"failureMessages":[],"fullName":"Business Flows E2E Complete Admin Flow: Login → Product Management (Using Seeded Data) should complete full admin journey: login → create category → create product → manage product","invocations":1,"location":null,"numPassingAsserts":19,"retryReasons":[],"startAt":1758375602218,"status":"passed","title":"should complete full admin journey: login → create category → create product → manage product"},{"ancestorTitles":["Business Flows E2E","Complete Customer Flow: Login → Browse Products (Using Seeded Data)"],"duration":486,"failing":false,"failureDetails":[],"failureMessages":[],"fullName":"Business Flows E2E Complete Customer Flow: Login → Browse Products (Using Seeded Data) should complete full customer journey: login → browse products publicly","invocations":1,"location":null,"numPassingAsserts":6,"retryReasons":[],"startAt":1758375603027,"status":"passed","title":"should complete full customer journey: login → browse products publicly"},{"ancestorTitles":["Business Flows E2E","Authorization Security Flow: Customer Access Restrictions"],"duration":131,"failing":false,"failureDetails":[],"failureMessages":[],"fullName":"Business Flows E2E Authorization Security Flow: Customer Access Restrictions should prevent customer from accessing admin-only product management endpoints","invocations":1,"location":null,"numPassingAsserts":0,"retryReasons":[],"startAt":1758375603514,"status":"passed","title":"should prevent customer from accessing admin-only product management endpoints"},{"ancestorTitles":["Business Flows E2E","Unauthenticated Public Access Flow"],"duration":99,"failing":false,"failureDetails":[{"matcherResult":{"actual":{"id":"332c69e7-77d2-41c4-9fa5-10ca99f4c0a8","email":"admin@ecommerce.local","firstName":"Admin","lastName":"User"},"expected":{},"message":"\u001b[2mexpect(\u001b[22m\u001b[31mreceived\u001b[39m\u001b[2m).\u001b[22mtoEqual\u001b[2m(\u001b[22m\u001b[32mexpected\u001b[39m\u001b[2m) // deep equality\u001b[22m\n\n\u001b[32m- Expected  - 1\u001b[39m\n\u001b[31m+ Received  + 6\u001b[39m\n\n\u001b[32m- Object {}\u001b[39m\n\u001b[31m+ Object {\u001b[39m\n\u001b[31m+   \"email\": \"admin@ecommerce.local\",\u001b[39m\n\u001b[31m+   \"firstName\": \"Admin\",\u001b[39m\n\u001b[31m+   \"id\": \"332c69e7-77d2-41c4-9fa5-10ca99f4c0a8\",\u001b[39m\n\u001b[31m+   \"lastName\": \"User\",\u001b[39m\n\u001b[31m+ }\u001b[39m","name":"toEqual","pass":false}}],"failureMessages":["Error: \u001b[2mexpect(\u001b[22m\u001b[31mreceived\u001b[39m\u001b[2m).\u001b[22mtoEqual\u001b[2m(\u001b[22m\u001b[32mexpected\u001b[39m\u001b[2m) // deep equality\u001b[22m\n\n\u001b[32m- Expected  - 1\u001b[39m\n\u001b[31m+ Received  + 6\u001b[39m\n\n\u001b[32m- Object {}\u001b[39m\n\u001b[31m+ Object {\u001b[39m\n\u001b[31m+   \"email\": \"admin@ecommerce.local\",\u001b[39m\n\u001b[31m+   \"firstName\": \"Admin\",\u001b[39m\n\u001b[31m+   \"id\": \"332c69e7-77d2-41c4-9fa5-10ca99f4c0a8\",\u001b[39m\n\u001b[31m+   \"lastName\": \"User\",\u001b[39m\n\u001b[31m+ }\u001b[39m\n    at Object.<anonymous> (D:\\Personal\\ecommerce-monolith-foundation\\test\\e2e\\business-flows\\business-flows.e2e-spec.ts:314:59)\n    at processTicksAndRejections (node:internal/process/task_queues:105:5)"],"fullName":"Business Flows E2E Unauthenticated Public Access Flow should allow public access to product browsing without authentication","invocations":1,"location":null,"numPassingAsserts":3,"retryReasons":[],"startAt":1758375603646,"status":"failed","title":"should allow public access to product browsing without authentication"},{"ancestorTitles":["Business Flows E2E","Performance and Data Integrity Flow"],"duration":862,"failing":false,"failureDetails":[],"failureMessages":[],"fullName":"Business Flows E2E Performance and Data Integrity Flow should maintain performance and data integrity under load","invocations":1,"location":null,"numPassingAsserts":5,"retryReasons":[],"startAt":1758375603746,"status":"passed","title":"should maintain performance and data integrity under load"}],"endTime":1758375604642,"message":"\u001b[1m\u001b[31m  \u001b[1m● \u001b[22m\u001b[1mBusiness Flows E2E › Unauthenticated Public Access Flow › should allow public access to product browsing without authentication\u001b[39m\u001b[22m\n\n    \u001b[2mexpect(\u001b[22m\u001b[31mreceived\u001b[39m\u001b[2m).\u001b[22mtoEqual\u001b[2m(\u001b[22m\u001b[32mexpected\u001b[39m\u001b[2m) // deep equality\u001b[22m\n\n    \u001b[32m- Expected  - 1\u001b[39m\n    \u001b[31m+ Received  + 6\u001b[39m\n\n    \u001b[32m- Object {}\u001b[39m\n    \u001b[31m+ Object {\u001b[39m\n    \u001b[31m+   \"email\": \"admin@ecommerce.local\",\u001b[39m\n    \u001b[31m+   \"firstName\": \"Admin\",\u001b[39m\n    \u001b[31m+   \"id\": \"332c69e7-77d2-41c4-9fa5-10ca99f4c0a8\",\u001b[39m\n    \u001b[31m+   \"lastName\": \"User\",\u001b[39m\n    \u001b[31m+ }\u001b[39m\n\u001b[2m\u001b[22m\n\u001b[2m    \u001b[0m \u001b[90m 312 |\u001b[39m         expect(publicProductResponse\u001b[33m.\u001b[39mbody\u001b[33m.\u001b[39mdata\u001b[33m.\u001b[39mprice)\u001b[33m.\u001b[39mtoBeDefined()\u001b[33m;\u001b[39m\u001b[22m\n\u001b[2m     \u001b[90m 313 |\u001b[39m         \u001b[90m// Sensitive data should not be exposed as raw values\u001b[39m\u001b[22m\n\u001b[2m    \u001b[31m\u001b[1m>\u001b[22m\u001b[2m\u001b[39m\u001b[90m 314 |\u001b[39m         expect(publicProductResponse\u001b[33m.\u001b[39mbody\u001b[33m.\u001b[39mdata\u001b[33m.\u001b[39mcreatedBy)\u001b[33m.\u001b[39mtoEqual({})\u001b[33m;\u001b[39m\u001b[22m\n\u001b[2m     \u001b[90m     |\u001b[39m                                                           \u001b[31m\u001b[1m^\u001b[22m\u001b[2m\u001b[39m\u001b[22m\n\u001b[2m     \u001b[90m 315 |\u001b[39m       }\u001b[22m\n\u001b[2m     \u001b[90m 316 |\u001b[39m\u001b[22m\n\u001b[2m     \u001b[90m 317 |\u001b[39m       \u001b[90m// 4. UNAUTHENTICATED USERS CANNOT ACCESS PROTECTED ENDPOINTS\u001b[39m\u001b[0m\u001b[22m\n\u001b[2m\u001b[22m\n\u001b[2m      \u001b[2mat Object.<anonymous> (\u001b[22m\u001b[2m\u001b[0m\u001b[36me2e/business-flows/business-flows.e2e-spec.ts\u001b[39m\u001b[0m\u001b[2m:314:59)\u001b[22m\u001b[2m\u001b[22m\n","name":"D:\\Personal\\ecommerce-monolith-foundation\\test\\e2e\\business-flows\\business-flows.e2e-spec.ts","startTime":1758375594647,"status":"failed","summary":""},{"assertionResults":[{"ancestorTitles":["Performance Testing E2E - Advanced Metrics","Search Performance with Detailed Metrics"],"duration":10141,"failing":false,"failureDetails":[],"failureMessages":[],"fullName":"Performance Testing E2E - Advanced Metrics Search Performance with Detailed Metrics should handle product search with comprehensive performance analysis","invocations":1,"location":null,"numPassingAsserts":5,"retryReasons":[],"startAt":1758375610418,"status":"passed","title":"should handle product search with comprehensive performance analysis"},{"ancestorTitles":["Performance Testing E2E - Advanced Metrics","Search Performance with Detailed Metrics"],"duration":8088,"failing":false,"failureDetails":[],"failureMessages":[],"fullName":"Performance Testing E2E - Advanced Metrics Search Performance with Detailed Metrics should maintain performance with pagination load","invocations":1,"location":null,"numPassingAsserts":2,"retryReasons":[],"startAt":1758375620560,"status":"passed","title":"should maintain performance with pagination load"},{"ancestorTitles":["Performance Testing E2E - Advanced Metrics","Memory and Resource Performance"],"duration":12084,"failing":false,"failureDetails":[],"failureMessages":[],"fullName":"Performance Testing E2E - Advanced Metrics Memory and Resource Performance should track memory usage during sustained load","invocations":1,"location":null,"numPassingAsserts":2,"retryReasons":[],"startAt":1758375628649,"status":"passed","title":"should track memory usage during sustained load"},{"ancestorTitles":["Performance Testing E2E - Advanced Metrics","Authentication Performance Metrics"],"duration":6088,"failing":false,"failureDetails":[],"failureMessages":[],"fullName":"Performance Testing E2E - Advanced Metrics Authentication Performance Metrics should measure authentication endpoint performance","invocations":1,"location":null,"numPassingAsserts":2,"retryReasons":[],"startAt":1758375640734,"status":"passed","title":"should measure authentication endpoint performance"},{"ancestorTitles":["Performance Testing E2E - Advanced Metrics","High-Volume Data Performance"],"duration":17269,"failing":false,"failureDetails":[],"failureMessages":[],"fullName":"Performance Testing E2E - Advanced Metrics High-Volume Data Performance should test performance with larger dataset queries","invocations":1,"location":null,"numPassingAsserts":3,"retryReasons":[],"startAt":1758375646823,"status":"passed","title":"should test performance with larger dataset queries"}],"endTime":1758375664119,"message":"","name":"D:\\Personal\\ecommerce-monolith-foundation\\test\\e2e\\performance\\performance.e2e-spec.ts","startTime":1758375604724,"status":"passed","summary":""},{"assertionResults":[{"ancestorTitles":["Advanced Business Flows E2E","Registration and Complete User Journey"],"duration":261,"failing":false,"failureDetails":[],"failureMessages":[],"fullName":"Advanced Business Flows E2E Registration and Complete User Journey should handle complete user registration and first purchase flow","invocations":1,"location":null,"numPassingAsserts":5,"retryReasons":[],"startAt":1758375671798,"status":"passed","title":"should handle complete user registration and first purchase flow"},{"ancestorTitles":["Advanced Business Flows E2E","Error Handling and Edge Cases"],"duration":54,"failing":false,"failureDetails":[],"failureMessages":[],"fullName":"Advanced Business Flows E2E Error Handling and Edge Cases should handle invalid authentication gracefully","invocations":1,"location":null,"numPassingAsserts":0,"retryReasons":[],"startAt":1758375672061,"status":"passed","title":"should handle invalid authentication gracefully"},{"ancestorTitles":["Advanced Business Flows E2E","Error Handling and Edge Cases"],"duration":125,"failing":false,"failureDetails":[],"failureMessages":[],"fullName":"Advanced Business Flows E2E Error Handling and Edge Cases should handle invalid product creation data","invocations":1,"location":null,"numPassingAsserts":0,"retryReasons":[],"startAt":1758375672116,"status":"passed","title":"should handle invalid product creation data"},{"ancestorTitles":["Advanced Business Flows E2E","Error Handling and Edge Cases"],"duration":129,"failing":false,"failureDetails":[],"failureMessages":[],"fullName":"Advanced Business Flows E2E Error Handling and Edge Cases should handle non-existent resource requests","invocations":1,"location":null,"numPassingAsserts":0,"retryReasons":[],"startAt":1758375672243,"status":"passed","title":"should handle non-existent resource requests"},{"ancestorTitles":["Advanced Business Flows E2E","Complex Product Management Workflows"],"duration":1428,"failing":false,"failureDetails":[],"failureMessages":[],"fullName":"Advanced Business Flows E2E Complex Product Management Workflows should handle bulk product operations","invocations":1,"location":null,"numPassingAsserts":3,"retryReasons":[],"startAt":1758375672372,"status":"passed","title":"should handle bulk product operations"},{"ancestorTitles":["Advanced Business Flows E2E","Complex Product Management Workflows"],"duration":780,"failing":false,"failureDetails":[],"failureMessages":[],"fullName":"Advanced Business Flows E2E Complex Product Management Workflows should handle product lifecycle management","invocations":1,"location":null,"numPassingAsserts":10,"retryReasons":[],"startAt":1758375673801,"status":"passed","title":"should handle product lifecycle management"},{"ancestorTitles":["Advanced Business Flows E2E","Advanced Search and Filtering"],"duration":139,"failing":false,"failureDetails":[],"failureMessages":[],"fullName":"Advanced Business Flows E2E Advanced Search and Filtering should handle complex search scenarios","invocations":1,"location":null,"numPassingAsserts":4,"retryReasons":[],"startAt":1758375674582,"status":"passed","title":"should handle complex search scenarios"},{"ancestorTitles":["Advanced Business Flows E2E","Advanced Search and Filtering"],"duration":188,"failing":false,"failureDetails":[],"failureMessages":[],"fullName":"Advanced Business Flows E2E Advanced Search and Filtering should handle search parameter validation","invocations":1,"location":null,"numPassingAsserts":0,"retryReasons":[],"startAt":1758375674722,"status":"passed","title":"should handle search parameter validation"},{"ancestorTitles":["Advanced Business Flows E2E","Security and Authorization Edge Cases"],"duration":136,"failing":false,"failureDetails":[],"failureMessages":[],"fullName":"Advanced Business Flows E2E Security and Authorization Edge Cases should handle token expiration and refresh scenarios","invocations":1,"location":null,"numPassingAsserts":0,"retryReasons":[],"startAt":1758375674912,"status":"passed","title":"should handle token expiration and refresh scenarios"},{"ancestorTitles":["Advanced Business Flows E2E","Security and Authorization Edge Cases"],"duration":119,"failing":false,"failureDetails":[],"failureMessages":[],"fullName":"Advanced Business Flows E2E Security and Authorization Edge Cases should prevent privilege escalation attempts","invocations":1,"location":null,"numPassingAsserts":0,"retryReasons":[],"startAt":1758375675049,"status":"passed","title":"should prevent privilege escalation attempts"},{"ancestorTitles":["Advanced Business Flows E2E","Security and Authorization Edge Cases"],"duration":178,"failing":false,"failureDetails":[],"failureMessages":[],"fullName":"Advanced Business Flows E2E Security and Authorization Edge Cases should handle SQL injection attempts in search","invocations":1,"location":null,"numPassingAsserts":8,"retryReasons":[],"startAt":1758375675169,"status":"passed","title":"should handle SQL injection attempts in search"},{"ancestorTitles":["Advanced Business Flows E2E","API Rate Limiting and Performance"],"duration":411,"failing":false,"failureDetails":[],"failureMessages":[],"fullName":"Advanced Business Flows E2E API Rate Limiting and Performance should handle rapid successive requests","invocations":1,"location":null,"numPassingAsserts":10,"retryReasons":[],"startAt":1758375675349,"status":"passed","title":"should handle rapid successive requests"},{"ancestorTitles":["Advanced Business Flows E2E","API Rate Limiting and Performance"],"duration":56,"failing":false,"failureDetails":[],"failureMessages":[],"fullName":"Advanced Business Flows E2E API Rate Limiting and Performance should handle large response datasets efficiently","invocations":1,"location":null,"numPassingAsserts":2,"retryReasons":[],"startAt":1758375675761,"status":"passed","title":"should handle large response datasets efficiently"}],"endTime":1758375675839,"message":"","name":"D:\\Personal\\ecommerce-monolith-foundation\\test\\e2e\\business-flows\\advanced-business-flows.e2e-spec.ts","startTime":1758375667995,"status":"passed","summary":""},{"assertionResults":[{"ancestorTitles":["Integration Tests with Real Database","Database Transaction Integrity"],"duration":102,"failing":false,"failureDetails":[],"failureMessages":[],"fullName":"Integration Tests with Real Database Database Transaction Integrity should maintain database consistency during product creation with categories","invocations":1,"location":null,"numPassingAsserts":7,"retryReasons":[],"startAt":1758375677824,"status":"passed","title":"should maintain database consistency during product creation with categories"},{"ancestorTitles":["Integration Tests with Real Database","Database Transaction Integrity"],"duration":18,"failing":false,"failureDetails":[],"failureMessages":[],"fullName":"Integration Tests with Real Database Database Transaction Integrity should rollback failed transactions properly","invocations":1,"location":null,"numPassingAsserts":2,"retryReasons":[],"startAt":1758375677927,"status":"passed","title":"should rollback failed transactions properly"},{"ancestorTitles":["Integration Tests with Real Database","Repository Integration Tests"],"duration":59,"failing":false,"failureDetails":[],"failureMessages":[],"fullName":"Integration Tests with Real Database Repository Integration Tests should perform complex queries with relations and filtering","invocations":1,"location":null,"numPassingAsserts":7,"retryReasons":[],"startAt":1758375677946,"status":"passed","title":"should perform complex queries with relations and filtering"},{"ancestorTitles":["Integration Tests with Real Database","Repository Integration Tests"],"duration":76,"failing":false,"failureDetails":[],"failureMessages":[],"fullName":"Integration Tests with Real Database Repository Integration Tests should handle concurrent operations safely","invocations":1,"location":null,"numPassingAsserts":2,"retryReasons":[],"startAt":1758375678006,"status":"passed","title":"should handle concurrent operations safely"},{"ancestorTitles":["Integration Tests with Real Database","Service Integration with Database"],"duration":40,"failing":false,"failureDetails":[],"failureMessages":[],"fullName":"Integration Tests with Real Database Service Integration with Database should integrate auth service with database operations","invocations":1,"location":null,"numPassingAsserts":6,"retryReasons":[],"startAt":1758375678083,"status":"passed","title":"should integrate auth service with database operations"},{"ancestorTitles":["Integration Tests with Real Database","Service Integration with Database"],"duration":109,"failing":false,"failureDetails":[],"failureMessages":[],"fullName":"Integration Tests with Real Database Service Integration with Database should integrate products service with complex database operations","invocations":1,"location":null,"numPassingAsserts":11,"retryReasons":[],"startAt":1758375678124,"status":"passed","title":"should integrate products service with complex database operations"},{"ancestorTitles":["Integration Tests with Real Database","API Integration with Real Database"],"duration":469,"failing":false,"failureDetails":[],"failureMessages":[],"fullName":"Integration Tests with Real Database API Integration with Real Database should perform end-to-end API operations with database persistence","invocations":1,"location":null,"numPassingAsserts":9,"retryReasons":[],"startAt":1758375678234,"status":"passed","title":"should perform end-to-end API operations with database persistence"},{"ancestorTitles":["Integration Tests with Real Database","Database Performance and Optimization"],"duration":797,"failing":false,"failureDetails":[],"failureMessages":[],"fullName":"Integration Tests with Real Database Database Performance and Optimization should perform efficiently with moderate datasets","invocations":1,"location":null,"numPassingAsserts":6,"retryReasons":[],"startAt":1758375678704,"status":"passed","title":"should perform efficiently with moderate datasets"}],"endTime":1758375679538,"message":"","name":"D:\\Personal\\ecommerce-monolith-foundation\\test\\e2e\\integration\\integration.e2e-spec.ts","startTime":1758375676012,"status":"passed","summary":""},{"assertionResults":[{"ancestorTitles":["Products E2E","/products (Products)"],"duration":586,"failing":false,"failureDetails":[],"failureMessages":[],"fullName":"Products E2E /products (Products) /products (POST) - should create a new product","invocations":1,"location":null,"numPassingAsserts":5,"retryReasons":[],"startAt":1758375680802,"status":"passed","title":"/products (POST) - should create a new product"},{"ancestorTitles":["Products E2E","/products (Products)"],"duration":720,"failing":false,"failureDetails":[],"failureMessages":[],"fullName":"Products E2E /products (Products) /products (GET) - should get all products","invocations":1,"location":null,"numPassingAsserts":4,"retryReasons":[],"startAt":1758375681389,"status":"passed","title":"/products (GET) - should get all products"},{"ancestorTitles":["Products E2E","/products (Products)"],"duration":516,"failing":false,"failureDetails":[],"failureMessages":[],"fullName":"Products E2E /products (Products) /products/:id (GET) - should get a product by id","invocations":1,"location":null,"numPassingAsserts":4,"retryReasons":[],"startAt":1758375682110,"status":"passed","title":"/products/:id (GET) - should get a product by id"},{"ancestorTitles":["Products E2E","/products (Products)"],"duration":503,"failing":false,"failureDetails":[],"failureMessages":[],"fullName":"Products E2E /products (Products) /products/:id (GET) - should return 404 for non-existent product","invocations":1,"location":null,"numPassingAsserts":0,"retryReasons":[],"startAt":1758375682627,"status":"passed","title":"/products/:id (GET) - should return 404 for non-existent product"},{"ancestorTitles":["Products E2E","/products (Products)"],"duration":550,"failing":false,"failureDetails":[],"failureMessages":[],"fullName":"Products E2E /products (Products) /products/:id (PATCH) - should update a product","invocations":1,"location":null,"numPassingAsserts":4,"retryReasons":[],"startAt":1758375683131,"status":"passed","title":"/products/:id (PATCH) - should update a product"},{"ancestorTitles":["Products E2E","/products (Products)"],"duration":450,"failing":false,"failureDetails":[],"failureMessages":[],"fullName":"Products E2E /products (Products) /products/search (GET) - should search products","invocations":1,"location":null,"numPassingAsserts":3,"retryReasons":[],"startAt":1758375683682,"status":"passed","title":"/products/search (GET) - should search products"},{"ancestorTitles":["Products E2E","/products (Products)"],"duration":332,"failing":false,"failureDetails":[],"failureMessages":[],"fullName":"Products E2E /products (Products) /products/category/:category (GET) - should get products by category","invocations":1,"location":null,"numPassingAsserts":3,"retryReasons":[],"startAt":1758375684133,"status":"passed","title":"/products/category/:category (GET) - should get products by category"},{"ancestorTitles":["Products E2E","/products (Products)"],"duration":618,"failing":false,"failureDetails":[],"failureMessages":[],"fullName":"Products E2E /products (Products) /products/:id (DELETE) - should delete a product","invocations":1,"location":null,"numPassingAsserts":0,"retryReasons":[],"startAt":1758375684466,"status":"passed","title":"/products/:id (DELETE) - should delete a product"},{"ancestorTitles":["Products E2E","/products (Products)"],"duration":544,"failing":false,"failureDetails":[],"failureMessages":[],"fullName":"Products E2E /products (Products) /products (POST) - should fail without authentication","invocations":1,"location":null,"numPassingAsserts":0,"retryReasons":[],"startAt":1758375685085,"status":"passed","title":"/products (POST) - should fail without authentication"},{"ancestorTitles":["Products E2E","/products (Products)"],"duration":403,"failing":false,"failureDetails":[],"failureMessages":[],"fullName":"Products E2E /products (Products) /products (POST) - should fail with invalid data","invocations":1,"location":null,"numPassingAsserts":0,"retryReasons":[],"startAt":1758375685630,"status":"passed","title":"/products (POST) - should fail with invalid data"}],"endTime":1758375686043,"message":"","name":"D:\\Personal\\ecommerce-monolith-foundation\\test\\e2e\\api\\products.e2e-spec.ts","startTime":1758375679569,"status":"passed","summary":""},{"assertionResults":[{"ancestorTitles":["Contract Testing - API Contracts & Data Schemas","Authentication API Contracts","POST /auth/register"],"duration":73,"failing":false,"failureDetails":[],"failureMessages":[],"fullName":"Contract Testing - API Contracts & Data Schemas Authentication API Contracts POST /auth/register should have correct request/response contract for user registration","invocations":1,"location":null,"numPassingAsserts":5,"retryReasons":[],"startAt":1758375690854,"status":"passed","title":"should have correct request/response contract for user registration"},{"ancestorTitles":["Contract Testing - API Contracts & Data Schemas","Authentication API Contracts","POST /auth/register"],"duration":159,"failing":false,"failureDetails":[],"failureMessages":[],"fullName":"Contract Testing - API Contracts & Data Schemas Authentication API Contracts POST /auth/register should reject invalid registration payloads with proper error contract","invocations":1,"location":null,"numPassingAsserts":12,"retryReasons":[],"startAt":1758375690928,"status":"passed","title":"should reject invalid registration payloads with proper error contract"},{"ancestorTitles":["Contract Testing - API Contracts & Data Schemas","Authentication API Contracts","POST /auth/login"],"duration":51,"failing":false,"failureDetails":[],"failureMessages":[],"fullName":"Contract Testing - API Contracts & Data Schemas Authentication API Contracts POST /auth/login should have correct request/response contract for user login","invocations":1,"location":null,"numPassingAsserts":3,"retryReasons":[],"startAt":1758375691088,"status":"passed","title":"should have correct request/response contract for user login"},{"ancestorTitles":["Contract Testing - API Contracts & Data Schemas","Authentication API Contracts","POST /auth/login"],"duration":27,"failing":false,"failureDetails":[],"failureMessages":[],"fullName":"Contract Testing - API Contracts & Data Schemas Authentication API Contracts POST /auth/login should return 401 for invalid credentials with proper error contract","invocations":1,"location":null,"numPassingAsserts":1,"retryReasons":[],"startAt":1758375691139,"status":"passed","title":"should return 401 for invalid credentials with proper error contract"},{"ancestorTitles":["Contract Testing - API Contracts & Data Schemas","Authentication API Contracts","GET /auth/profile"],"duration":50,"failing":false,"failureDetails":[],"failureMessages":[],"fullName":"Contract Testing - API Contracts & Data Schemas Authentication API Contracts GET /auth/profile should have correct response contract for authenticated user profile","invocations":1,"location":null,"numPassingAsserts":3,"retryReasons":[],"startAt":1758375691167,"status":"passed","title":"should have correct response contract for authenticated user profile"},{"ancestorTitles":["Contract Testing - API Contracts & Data Schemas","Authentication API Contracts","GET /auth/profile"],"duration":23,"failing":false,"failureDetails":[],"failureMessages":[],"fullName":"Contract Testing - API Contracts & Data Schemas Authentication API Contracts GET /auth/profile should return 401 for unauthenticated requests","invocations":1,"location":null,"numPassingAsserts":1,"retryReasons":[],"startAt":1758375691218,"status":"passed","title":"should return 401 for unauthenticated requests"},{"ancestorTitles":["Contract Testing - API Contracts & Data Schemas","Products API Contracts","POST /products"],"duration":85,"failing":false,"failureDetails":[],"failureMessages":[],"fullName":"Contract Testing - API Contracts & Data Schemas Products API Contracts POST /products should have correct request/response contract for product creation","invocations":1,"location":null,"numPassingAsserts":4,"retryReasons":[],"startAt":1758375691242,"status":"passed","title":"should have correct request/response contract for product creation"},{"ancestorTitles":["Contract Testing - API Contracts & Data Schemas","Products API Contracts","POST /products"],"duration":131,"failing":false,"failureDetails":[],"failureMessages":[],"fullName":"Contract Testing - API Contracts & Data Schemas Products API Contracts POST /products should reject invalid product payloads with proper error contract","invocations":1,"location":null,"numPassingAsserts":3,"retryReasons":[],"startAt":1758375691329,"status":"passed","title":"should reject invalid product payloads with proper error contract"},{"ancestorTitles":["Contract Testing - API Contracts & Data Schemas","Products API Contracts","POST /products"],"duration":31,"failing":false,"failureDetails":[],"failureMessages":[],"fullName":"Contract Testing - API Contracts & Data Schemas Products API Contracts POST /products should return 403 for non-admin users","invocations":1,"location":null,"numPassingAsserts":1,"retryReasons":[],"startAt":1758375691461,"status":"passed","title":"should return 403 for non-admin users"},{"ancestorTitles":["Contract Testing - API Contracts & Data Schemas","Products API Contracts","GET /products/search"],"duration":61,"failing":false,"failureDetails":[],"failureMessages":[],"fullName":"Contract Testing - API Contracts & Data Schemas Products API Contracts GET /products/search should have correct response contract for product search","invocations":1,"location":null,"numPassingAsserts":6,"retryReasons":[],"startAt":1758375691493,"status":"passed","title":"should have correct response contract for product search"},{"ancestorTitles":["Contract Testing - API Contracts & Data Schemas","Products API Contracts","GET /products/search"],"duration":46,"failing":false,"failureDetails":[],"failureMessages":[],"fullName":"Contract Testing - API Contracts & Data Schemas Products API Contracts GET /products/search should handle empty search results with proper contract","invocations":1,"location":null,"numPassingAsserts":1,"retryReasons":[],"startAt":1758375691554,"status":"passed","title":"should handle empty search results with proper contract"},{"ancestorTitles":["Contract Testing - API Contracts & Data Schemas","Products API Contracts","GET /products/search"],"duration":166,"failing":false,"failureDetails":[],"failureMessages":[],"fullName":"Contract Testing - API Contracts & Data Schemas Products API Contracts GET /products/search should validate query parameters and return proper errors","invocations":1,"location":null,"numPassingAsserts":4,"retryReasons":[],"startAt":1758375691601,"status":"passed","title":"should validate query parameters and return proper errors"},{"ancestorTitles":["Contract Testing - API Contracts & Data Schemas","Products API Contracts","PATCH /products/:id"],"duration":80,"failing":false,"failureDetails":[],"failureMessages":[],"fullName":"Contract Testing - API Contracts & Data Schemas Products API Contracts PATCH /products/:id should have correct request/response contract for product update","invocations":1,"location":null,"numPassingAsserts":2,"retryReasons":[],"startAt":1758375691768,"status":"passed","title":"should have correct request/response contract for product update"},{"ancestorTitles":["Contract Testing - API Contracts & Data Schemas","Products API Contracts","PATCH /products/:id"],"duration":58,"failing":false,"failureDetails":[],"failureMessages":[],"fullName":"Contract Testing - API Contracts & Data Schemas Products API Contracts PATCH /products/:id should return 404 for non-existent product with proper error contract","invocations":1,"location":null,"numPassingAsserts":1,"retryReasons":[],"startAt":1758375691849,"status":"passed","title":"should return 404 for non-existent product with proper error contract"},{"ancestorTitles":["Contract Testing - API Contracts & Data Schemas","Category API Contracts","POST /categories"],"duration":53,"failing":false,"failureDetails":[],"failureMessages":[],"fullName":"Contract Testing - API Contracts & Data Schemas Category API Contracts POST /categories should have correct request/response contract for category creation","invocations":1,"location":null,"numPassingAsserts":2,"retryReasons":[],"startAt":1758375691908,"status":"passed","title":"should have correct request/response contract for category creation"},{"ancestorTitles":["Contract Testing - API Contracts & Data Schemas","Category API Contracts","GET /categories"],"duration":null,"failing":false,"failureDetails":[],"failureMessages":[],"fullName":"Contract Testing - API Contracts & Data Schemas Category API Contracts GET /categories should have correct response contract for categories list","invocations":1,"location":null,"numPassingAsserts":0,"retryReasons":[],"startAt":1758375691962,"status":"pending","title":"should have correct response contract for categories list"},{"ancestorTitles":["Contract Testing - API Contracts & Data Schemas","Error Handling Contracts"],"duration":191,"failing":false,"failureDetails":[],"failureMessages":[],"fullName":"Contract Testing - API Contracts & Data Schemas Error Handling Contracts should have consistent error response format across all endpoints","invocations":1,"location":null,"numPassingAsserts":8,"retryReasons":[],"startAt":1758375691962,"status":"passed","title":"should have consistent error response format across all endpoints"},{"ancestorTitles":["Contract Testing - API Contracts & Data Schemas","Data Type Validation Contracts"],"duration":141,"failing":false,"failureDetails":[],"failureMessages":[],"fullName":"Contract Testing - API Contracts & Data Schemas Data Type Validation Contracts should enforce strict data types in request/response","invocations":1,"location":null,"numPassingAsserts":13,"retryReasons":[],"startAt":1758375692154,"status":"passed","title":"should enforce strict data types in request/response"}],"endTime":1758375692307,"message":"","name":"D:\\Personal\\ecommerce-monolith-foundation\\test\\e2e\\contracts\\contract.e2e-spec.ts","startTime":1758375686118,"status":"focused","summary":""},{"assertionResults":[{"ancestorTitles":["Snapshot Testing E2E - API Response Validation","Authentication Response Snapshots"],"duration":69,"failing":false,"failureDetails":[],"failureMessages":[],"fullName":"Snapshot Testing E2E - API Response Validation Authentication Response Snapshots should match register response structure snapshot","invocations":1,"location":null,"numPassingAsserts":1,"retryReasons":[],"startAt":1758375694400,"status":"passed","title":"should match register response structure snapshot"},{"ancestorTitles":["Snapshot Testing E2E - API Response Validation","Authentication Response Snapshots"],"duration":44,"failing":false,"failureDetails":[],"failureMessages":[],"fullName":"Snapshot Testing E2E - API Response Validation Authentication Response Snapshots should match login response structure snapshot","invocations":1,"location":null,"numPassingAsserts":1,"retryReasons":[],"startAt":1758375694470,"status":"passed","title":"should match login response structure snapshot"},{"ancestorTitles":["Snapshot Testing E2E - API Response Validation","Authentication Response Snapshots"],"duration":47,"failing":false,"failureDetails":[],"failureMessages":[],"fullName":"Snapshot Testing E2E - API Response Validation Authentication Response Snapshots should match profile response structure snapshot","invocations":1,"location":null,"numPassingAsserts":1,"retryReasons":[],"startAt":1758375694515,"status":"passed","title":"should match profile response structure snapshot"},{"ancestorTitles":["Snapshot Testing E2E - API Response Validation","Authentication Response Snapshots"],"duration":47,"failing":false,"failureDetails":[],"failureMessages":[],"fullName":"Snapshot Testing E2E - API Response Validation Authentication Response Snapshots should match validation error response snapshot","invocations":1,"location":null,"numPassingAsserts":1,"retryReasons":[],"startAt":1758375694562,"status":"passed","title":"should match validation error response snapshot"},{"ancestorTitles":["Snapshot Testing E2E - API Response Validation","Product Response Snapshots"],"duration":80,"failing":false,"failureDetails":[],"failureMessages":[],"fullName":"Snapshot Testing E2E - API Response Validation Product Response Snapshots should match product creation response structure snapshot","invocations":1,"location":null,"numPassingAsserts":1,"retryReasons":[],"startAt":1758375694609,"status":"passed","title":"should match product creation response structure snapshot"},{"ancestorTitles":["Snapshot Testing E2E - API Response Validation","Product Response Snapshots"],"duration":49,"failing":false,"failureDetails":[],"failureMessages":[],"fullName":"Snapshot Testing E2E - API Response Validation Product Response Snapshots should match product details response structure snapshot","invocations":1,"location":null,"numPassingAsserts":1,"retryReasons":[],"startAt":1758375694690,"status":"passed","title":"should match product details response structure snapshot"},{"ancestorTitles":["Snapshot Testing E2E - API Response Validation","Product Response Snapshots"],"duration":88,"failing":false,"failureDetails":[],"failureMessages":[],"fullName":"Snapshot Testing E2E - API Response Validation Product Response Snapshots should match product update response structure snapshot","invocations":1,"location":null,"numPassingAsserts":1,"retryReasons":[],"startAt":1758375694740,"status":"passed","title":"should match product update response structure snapshot"},{"ancestorTitles":["Snapshot Testing E2E - API Response Validation","Product Response Snapshots"],"duration":55,"failing":false,"failureDetails":[],"failureMessages":[],"fullName":"Snapshot Testing E2E - API Response Validation Product Response Snapshots should match product search response structure snapshot","invocations":1,"location":null,"numPassingAsserts":1,"retryReasons":[],"startAt":1758375694829,"status":"passed","title":"should match product search response structure snapshot"},{"ancestorTitles":["Snapshot Testing E2E - API Response Validation","Product Response Snapshots"],"duration":46,"failing":false,"failureDetails":[],"failureMessages":[],"fullName":"Snapshot Testing E2E - API Response Validation Product Response Snapshots should match product by slug response structure snapshot","invocations":1,"location":null,"numPassingAsserts":1,"retryReasons":[],"startAt":1758375694884,"status":"passed","title":"should match product by slug response structure snapshot"},{"ancestorTitles":["Snapshot Testing E2E - API Response Validation","Category Response Snapshots"],"duration":57,"failing":false,"failureDetails":[],"failureMessages":[],"fullName":"Snapshot Testing E2E - API Response Validation Category Response Snapshots should match category creation response structure snapshot","invocations":1,"location":null,"numPassingAsserts":1,"retryReasons":[],"startAt":1758375694930,"status":"passed","title":"should match category creation response structure snapshot"},{"ancestorTitles":["Snapshot Testing E2E - API Response Validation","Category Response Snapshots"],"duration":35,"failing":false,"failureDetails":[],"failureMessages":[],"fullName":"Snapshot Testing E2E - API Response Validation Category Response Snapshots should match category details response structure snapshot","invocations":1,"location":null,"numPassingAsserts":1,"retryReasons":[],"startAt":1758375694988,"status":"passed","title":"should match category details response structure snapshot"},{"ancestorTitles":["Snapshot Testing E2E - API Response Validation","Category Response Snapshots"],"duration":61,"failing":false,"failureDetails":[],"failureMessages":[],"fullName":"Snapshot Testing E2E - API Response Validation Category Response Snapshots should match category update response structure snapshot","invocations":1,"location":null,"numPassingAsserts":1,"retryReasons":[],"startAt":1758375695024,"status":"passed","title":"should match category update response structure snapshot"},{"ancestorTitles":["Snapshot Testing E2E - API Response Validation","Error Response Snapshots"],"duration":23,"failing":false,"failureDetails":[],"failureMessages":[],"fullName":"Snapshot Testing E2E - API Response Validation Error Response Snapshots should match unauthorized error response snapshot","invocations":1,"location":null,"numPassingAsserts":1,"retryReasons":[],"startAt":1758375695086,"status":"passed","title":"should match unauthorized error response snapshot"},{"ancestorTitles":["Snapshot Testing E2E - API Response Validation","Error Response Snapshots"],"duration":31,"failing":false,"failureDetails":[],"failureMessages":[],"fullName":"Snapshot Testing E2E - API Response Validation Error Response Snapshots should match forbidden error response snapshot","invocations":1,"location":null,"numPassingAsserts":1,"retryReasons":[],"startAt":1758375695110,"status":"passed","title":"should match forbidden error response snapshot"},{"ancestorTitles":["Snapshot Testing E2E - API Response Validation","Error Response Snapshots"],"duration":47,"failing":false,"failureDetails":[],"failureMessages":[],"fullName":"Snapshot Testing E2E - API Response Validation Error Response Snapshots should match not found error response snapshot","invocations":1,"location":null,"numPassingAsserts":1,"retryReasons":[],"startAt":1758375695142,"status":"passed","title":"should match not found error response snapshot"},{"ancestorTitles":["Snapshot Testing E2E - API Response Validation","Error Response Snapshots"],"duration":46,"failing":false,"failureDetails":[],"failureMessages":[],"fullName":"Snapshot Testing E2E - API Response Validation Error Response Snapshots should match validation error response snapshot","invocations":1,"location":null,"numPassingAsserts":1,"retryReasons":[],"startAt":1758375695190,"status":"passed","title":"should match validation error response snapshot"},{"ancestorTitles":["Snapshot Testing E2E - API Response Validation","Pagination Response Snapshots"],"duration":52,"failing":false,"failureDetails":[],"failureMessages":[],"fullName":"Snapshot Testing E2E - API Response Validation Pagination Response Snapshots should match paginated search response structure snapshot","invocations":1,"location":null,"numPassingAsserts":1,"retryReasons":[],"startAt":1758375695236,"status":"passed","title":"should match paginated search response structure snapshot"},{"ancestorTitles":["Snapshot Testing E2E - API Response Validation","Pagination Response Snapshots"],"duration":42,"failing":false,"failureDetails":[],"failureMessages":[],"fullName":"Snapshot Testing E2E - API Response Validation Pagination Response Snapshots should match empty search result response snapshot","invocations":1,"location":null,"numPassingAsserts":1,"retryReasons":[],"startAt":1758375695289,"status":"passed","title":"should match empty search result response snapshot"},{"ancestorTitles":["Snapshot Testing E2E - API Response Validation","Success Response Structure Snapshots"],"duration":29,"failing":false,"failureDetails":[],"failureMessages":[],"fullName":"Snapshot Testing E2E - API Response Validation Success Response Structure Snapshots should match success response wrapper structure","invocations":1,"location":null,"numPassingAsserts":1,"retryReasons":[],"startAt":1758375695332,"status":"passed","title":"should match success response wrapper structure"},{"ancestorTitles":["Snapshot Testing E2E - API Response Validation","Success Response Structure Snapshots"],"duration":55,"failing":false,"failureDetails":[],"failureMessages":[],"fullName":"Snapshot Testing E2E - API Response Validation Success Response Structure Snapshots should match logout success response snapshot","invocations":1,"location":null,"numPassingAsserts":1,"retryReasons":[],"startAt":1758375695362,"status":"passed","title":"should match logout success response snapshot"}],"endTime":1758375695427,"message":"","name":"D:\\Personal\\ecommerce-monolith-foundation\\test\\e2e\\snapshots\\snapshot.e2e-spec.ts","startTime":1758375692415,"status":"passed","summary":""},{"assertionResults":[{"ancestorTitles":["Authentication E2E","/auth (Authentication)"],"duration":96,"failing":false,"failureDetails":[],"failureMessages":[],"fullName":"Authentication E2E /auth (Authentication) /api/v1/auth/register (POST) - should register a new user","invocations":1,"location":null,"numPassingAsserts":5,"retryReasons":[],"startAt":1758375696698,"status":"passed","title":"/api/v1/auth/register (POST) - should register a new user"},{"ancestorTitles":["Authentication E2E","/auth (Authentication)"],"duration":101,"failing":false,"failureDetails":[],"failureMessages":[],"fullName":"Authentication E2E /auth (Authentication) /api/v1/auth/register (POST) - should fail with duplicate email","invocations":1,"location":null,"numPassingAsserts":0,"retryReasons":[],"startAt":1758375696795,"status":"passed","title":"/api/v1/auth/register (POST) - should fail with duplicate email"},{"ancestorTitles":["Authentication E2E","/auth (Authentication)"],"duration":38,"failing":false,"failureDetails":[],"failureMessages":[],"fullName":"Authentication E2E /auth (Authentication) /api/v1/auth/register (POST) - should fail with invalid data","invocations":1,"location":null,"numPassingAsserts":0,"retryReasons":[],"startAt":1758375696896,"status":"passed","title":"/api/v1/auth/register (POST) - should fail with invalid data"},{"ancestorTitles":["Authentication E2E","/auth (Authentication)"],"duration":51,"failing":false,"failureDetails":[],"failureMessages":[],"fullName":"Authentication E2E /auth (Authentication) /api/v1/auth/login (POST) - should login with valid credentials","invocations":1,"location":null,"numPassingAsserts":4,"retryReasons":[],"startAt":1758375696935,"status":"passed","title":"/api/v1/auth/login (POST) - should login with valid credentials"},{"ancestorTitles":["Authentication E2E","/auth (Authentication)"],"duration":28,"failing":false,"failureDetails":[],"failureMessages":[],"fullName":"Authentication E2E /auth (Authentication) /api/v1/auth/login (POST) - should fail with invalid credentials","invocations":1,"location":null,"numPassingAsserts":0,"retryReasons":[],"startAt":1758375696987,"status":"passed","title":"/api/v1/auth/login (POST) - should fail with invalid credentials"},{"ancestorTitles":["Authentication E2E","/auth (Authentication)"],"duration":48,"failing":false,"failureDetails":[],"failureMessages":[],"fullName":"Authentication E2E /auth (Authentication) /api/v1/auth/profile (GET) - should get user profile with valid token","invocations":1,"location":null,"numPassingAsserts":2,"retryReasons":[],"startAt":1758375697016,"status":"passed","title":"/api/v1/auth/profile (GET) - should get user profile with valid token"},{"ancestorTitles":["Authentication E2E","/auth (Authentication)"],"duration":22,"failing":false,"failureDetails":[],"failureMessages":[],"fullName":"Authentication E2E /auth (Authentication) /api/v1/auth/profile (GET) - should fail without token","invocations":1,"location":null,"numPassingAsserts":0,"retryReasons":[],"startAt":1758375697065,"status":"passed","title":"/api/v1/auth/profile (GET) - should fail without token"},{"ancestorTitles":["Authentication E2E","/auth (Authentication)"],"duration":20,"failing":false,"failureDetails":[],"failureMessages":[],"fullName":"Authentication E2E /auth (Authentication) /api/v1/auth/profile (GET) - should fail with invalid token","invocations":1,"location":null,"numPassingAsserts":0,"retryReasons":[],"startAt":1758375697088,"status":"passed","title":"/api/v1/auth/profile (GET) - should fail with invalid token"},{"ancestorTitles":["Authentication E2E","/auth (Authentication)"],"duration":54,"failing":false,"failureDetails":[],"failureMessages":[],"fullName":"Authentication E2E /auth (Authentication) /api/v1/auth/logout (POST) - should logout successfully","invocations":1,"location":null,"numPassingAsserts":1,"retryReasons":[],"startAt":1758375697109,"status":"passed","title":"/api/v1/auth/logout (POST) - should logout successfully"},{"ancestorTitles":["Authentication E2E","/auth (Authentication)"],"duration":38,"failing":false,"failureDetails":[],"failureMessages":[],"fullName":"Authentication E2E /auth (Authentication) /api/v1/auth/test (GET) - should test database connectivity","invocations":1,"location":null,"numPassingAsserts":3,"retryReasons":[],"startAt":1758375697164,"status":"passed","title":"/api/v1/auth/test (GET) - should test database connectivity"}],"endTime":1758375697214,"message":"","name":"D:\\Personal\\ecommerce-monolith-foundation\\test\\e2e\\api\\auth.e2e-spec.ts","startTime":1758375695519,"status":"passed","summary":""},{"assertionResults":[{"ancestorTitles":["AppController (e2e)"],"duration":264,"failing":false,"failureDetails":[],"failureMessages":[],"fullName":"AppController (e2e) / (GET)","invocations":1,"location":null,"numPassingAsserts":2,"retryReasons":[],"startAt":1758375698144,"status":"passed","title":"/ (GET)"}],"endTime":1758375698411,"message":"","name":"D:\\Personal\\ecommerce-monolith-foundation\\test\\e2e\\smoke\\app.e2e-spec.ts","startTime":1758375697250,"status":"passed","summary":""}],"wasInterrupted":false}
